<?xml version="1.0" encoding="UTF-8"?>
<!-- Generated by org.testng.reporters.JUnitReportReporter -->
<testsuite hostname="TABLET-035DO2R9" failures="0" tests="3" name="com.files.DynamicJSON" time="6.427" errors="0" timestamp="2024-03-03T12:21:09 GMT-06:00" skipped="0">
  <testcase classname="com.files.DynamicJSON" name="addBook" time="0.838"/>
  <system-out/>
  <testcase classname="com.files.DynamicJSON" name="addBook" time="4.310"/>
  <system-out/>
  <testcase classname="com.files.DynamicJSON" name="addBook" time="1.279"/>
  <system-out/>
</testsuite> <!-- com.files.DynamicJSON -->
