<?xml version="1.0" encoding="UTF-8"?>
<!-- Generated by org.testng.reporters.JUnitReportReporter -->
<testsuite hostname="TABLET-035DO2R9" failures="0" tests="1" name="com.files.SumOfValidation" time="1.932" errors="0" timestamp="2024-03-02T22:09:47 GMT-06:00" skipped="0">
  <testcase classname="com.files.SumOfValidation" name="sumOfValidation" time="1.932"/>
  <system-out/>
</testsuite> <!-- com.files.SumOfValidation -->
