<?xml version="1.0" encoding="UTF-8"?>
<!-- Generated by org.testng.reporters.JUnitReportReporter -->
<testsuite hostname="TABLET-035DO2R9" failures="0" tests="1" name="com.HttpMethods.GETRequest" time="2.279" errors="0" timestamp="2024-02-24T12:13:13 GMT-06:00" skipped="0">
  <testcase classname="com.HttpMethods.GETRequest" name="verifyResponse" time="2.279"/>
  <system-out/>
</testsuite> <!-- com.HttpMethods.GETRequest -->
