<?xml version="1.0" encoding="UTF-8"?>
<!-- Generated by org.testng.reporters.JUnitReportReporter -->
<testsuite hostname="TABLET-035DO2R9" failures="0" tests="3" name="com.files.CreateRunDataProviderDelete" time="7.883" errors="0" timestamp="2024-03-03T13:54:51 GMT-06:00" skipped="0">
  <testcase classname="com.files.CreateRunDataProviderDelete" name="addBook" time="4.697"/>
  <system-out/>
  <testcase classname="com.files.CreateRunDataProviderDelete" name="addBook" time="1.741"/>
  <system-out/>
  <testcase classname="com.files.CreateRunDataProviderDelete" name="addBook" time="1.445"/>
  <system-out/>
</testsuite> <!-- com.files.CreateRunDataProviderDelete -->
